{"name": "Тест \"вопросы и ответы\"", "status": "broken", "statusDetails": {"message": "selenium.common.exceptions.ElementClickInterceptedException: Message: Element <div id=\"accordion__heading-0\" class=\"accordion__button\"> is not clickable at point (1035,27) because another element <button class=\"Button_Button__ra12g\"> obscures it\nStacktrace:\nRemoteError@chrome://remote/content/shared/RemoteError.sys.mjs:8:8\nWebDriverError@chrome://remote/content/shared/webdriver/Errors.sys.mjs:193:5\nElementClickInterceptedError@chrome://remote/content/shared/webdriver/Errors.sys.mjs:337:5\nwebdriverClickElement@chrome://remote/content/marionette/interaction.sys.mjs:177:11\ninteraction.clickElement@chrome://remote/content/marionette/interaction.sys.mjs:136:11\nclickElement@chrome://remote/content/marionette/actors/MarionetteCommandsChild.sys.mjs:205:29\nreceiveMessage@chrome://remote/content/marionette/actors/MarionetteCommandsChild.sys.mjs:85:31", "trace": "self = <test_home_page.TestHomePage object at 0x000001C29D6F1190>, home_page = <pages.home_page.HomePage object at 0x000001C2A04B42C0>, question = 0\nanswer = 'Сутки — 400 рублей. Оплата курьеру — наличными или картой.'\n\n    @allure.title('Тест \"вопросы и ответы\"')\n    @pytest.mark.parametrize('question, answer',\n                             [(0, Answers.ANSWER_0),\n                              (1, Answers.ANSWER_1),\n                              (2, Answers.ANSWER_2),\n                              (3, Answers.ANSWER_3),\n                              (4, Answers.ANSWER_4),\n                              (5, Answers.ANSWER_5),\n                              (6, Answers.ANSWER_6),\n                              (7, Answers.ANSWER_7)])\n    def test_questions_and_answer(self, home_page, question, answer):\n        home_page.click_on_cookie()\n        home_page.scroll_page_to_last_question()\n>       result = home_page.click_to_question_get_answer(question)\n\ntests\\test_home_page.py:20: \n_ _ _ _ _ _ _ _ _ _ _ _ _ _ _ _ _ _ _ _ _ _ _ _ _ _ _ _ _ _ _ _ _ _ _ _ _ _ _ _ _ _ _ _ _ _ _ _ _ _ _ _ _ _ _ _ _ _ _ _ _ _ _ _ _ _ _ _ _ _ _ _ _ _ _ _ _ _ _ _ _ \npages\\home_page.py:31: in click_to_question_get_answer\n    self.click_on_question(number)\npages\\home_page.py:20: in click_on_question\n    self.click_on_element(question_loc)\npages\\base_page.py:25: in click_on_element\n    element.click()\nvenv\\Lib\\site-packages\\selenium\\webdriver\\remote\\webelement.py:94: in click\n    self._execute(Command.CLICK_ELEMENT)\nvenv\\Lib\\site-packages\\selenium\\webdriver\\remote\\webelement.py:395: in _execute\n    return self._parent.execute(command, params)\nvenv\\Lib\\site-packages\\selenium\\webdriver\\remote\\webdriver.py:354: in execute\n    self.error_handler.check_response(response)\n_ _ _ _ _ _ _ _ _ _ _ _ _ _ _ _ _ _ _ _ _ _ _ _ _ _ _ _ _ _ _ _ _ _ _ _ _ _ _ _ _ _ _ _ _ _ _ _ _ _ _ _ _ _ _ _ _ _ _ _ _ _ _ _ _ _ _ _ _ _ _ _ _ _ _ _ _ _ _ _ _ \n\nself = <selenium.webdriver.remote.errorhandler.ErrorHandler object at 0x000001C2A04B5CA0>\nresponse = {'status': 400, 'value': '{\"value\":{\"error\":\"element click intercepted\",\"message\":\"Element <div id=\\\\\"accordion__headi...sys.mjs:205:29\\\\nreceiveMessage@chrome://remote/content/marionette/actors/MarionetteCommandsChild.sys.mjs:85:31\\\\n\"}}'}\n\n    def check_response(self, response: Dict[str, Any]) -> None:\n        \"\"\"Checks that a JSON response from the WebDriver does not have an\n        error.\n    \n        :Args:\n         - response - The JSON response from the WebDriver server as a dictionary\n           object.\n    \n        :Raises: If the response contains an error message.\n        \"\"\"\n        status = response.get(\"status\", None)\n        if not status or status == ErrorCode.SUCCESS:\n            return\n        value = None\n        message = response.get(\"message\", \"\")\n        screen: str = response.get(\"screen\", \"\")\n        stacktrace = None\n        if isinstance(status, int):\n            value_json = response.get(\"value\", None)\n            if value_json and isinstance(value_json, str):\n                import json\n    \n                try:\n                    value = json.loads(value_json)\n                    if len(value) == 1:\n                        value = value[\"value\"]\n                    status = value.get(\"error\", None)\n                    if not status:\n                        status = value.get(\"status\", ErrorCode.UNKNOWN_ERROR)\n                        message = value.get(\"value\") or value.get(\"message\")\n                        if not isinstance(message, str):\n                            value = message\n                            message = message.get(\"message\")\n                    else:\n                        message = value.get(\"message\", None)\n                except ValueError:\n                    pass\n    \n        exception_class: Type[WebDriverException]\n        e = ErrorCode()\n        error_codes = [item for item in dir(e) if not item.startswith(\"__\")]\n        for error_code in error_codes:\n            error_info = getattr(ErrorCode, error_code)\n            if isinstance(error_info, list) and status in error_info:\n                exception_class = getattr(ExceptionMapping, error_code, WebDriverException)\n                break\n        else:\n            exception_class = WebDriverException\n    \n        if not value:\n            value = response[\"value\"]\n        if isinstance(value, str):\n            raise exception_class(value)\n        if message == \"\" and \"message\" in value:\n            message = value[\"message\"]\n    \n        screen = None  # type: ignore[assignment]\n        if \"screen\" in value:\n            screen = value[\"screen\"]\n    \n        stacktrace = None\n        st_value = value.get(\"stackTrace\") or value.get(\"stacktrace\")\n        if st_value:\n            if isinstance(st_value, str):\n                stacktrace = st_value.split(\"\\n\")\n            else:\n                stacktrace = []\n                try:\n                    for frame in st_value:\n                        line = frame.get(\"lineNumber\", \"\")\n                        file = frame.get(\"fileName\", \"<anonymous>\")\n                        if line:\n                            file = f\"{file}:{line}\"\n                        meth = frame.get(\"methodName\", \"<anonymous>\")\n                        if \"className\" in frame:\n                            meth = f\"{frame['className']}.{meth}\"\n                        msg = \"    at %s (%s)\"\n                        msg = msg % (meth, file)\n                        stacktrace.append(msg)\n                except TypeError:\n                    pass\n        if exception_class == UnexpectedAlertPresentException:\n            alert_text = None\n            if \"data\" in value:\n                alert_text = value[\"data\"].get(\"text\")\n            elif \"alert\" in value:\n                alert_text = value[\"alert\"].get(\"text\")\n            raise exception_class(message, screen, stacktrace, alert_text)  # type: ignore[call-arg]  # mypy is not smart enough here\n>       raise exception_class(message, screen, stacktrace)\nE       selenium.common.exceptions.ElementClickInterceptedException: Message: Element <div id=\"accordion__heading-0\" class=\"accordion__button\"> is not clickable at point (1035,27) because another element <button class=\"Button_Button__ra12g\"> obscures it\nE       Stacktrace:\nE       RemoteError@chrome://remote/content/shared/RemoteError.sys.mjs:8:8\nE       WebDriverError@chrome://remote/content/shared/webdriver/Errors.sys.mjs:193:5\nE       ElementClickInterceptedError@chrome://remote/content/shared/webdriver/Errors.sys.mjs:337:5\nE       webdriverClickElement@chrome://remote/content/marionette/interaction.sys.mjs:177:11\nE       interaction.clickElement@chrome://remote/content/marionette/interaction.sys.mjs:136:11\nE       clickElement@chrome://remote/content/marionette/actors/MarionetteCommandsChild.sys.mjs:205:29\nE       receiveMessage@chrome://remote/content/marionette/actors/MarionetteCommandsChild.sys.mjs:85:31\n\nvenv\\Lib\\site-packages\\selenium\\webdriver\\remote\\errorhandler.py:229: ElementClickInterceptedException"}, "steps": [{"name": "Принимаем куки", "status": "passed", "steps": [{"name": "Клик по элементу", "status": "passed", "steps": [{"name": "Поиск элемента и ожидание загрузки", "status": "passed", "parameters": [{"name": "locator", "value": "('xpath', '//button[text() = \"да все привыкли\"]')"}], "start": 1725472071621, "stop": 1725472072069}], "parameters": [{"name": "locator", "value": "('xpath', '//button[text() = \"да все привыкли\"]')"}], "start": 1725472071620, "stop": 1725472072379}], "start": 1725472071619, "stop": 1725472072380}, {"name": "Скролл страницы до последнего вопроса", "status": "passed", "steps": [{"name": "Скролл страницы до нужного элемента", "status": "passed", "steps": [{"name": "Поиск элемента и ожидание загрузки", "status": "passed", "parameters": [{"name": "locator", "value": "('xpath', '//div[@id = \"accordion__heading-7\"]')"}], "start": 1725472072380, "stop": 1725472072411}], "parameters": [{"name": "locator", "value": "('xpath', '//div[@id = \"accordion__heading-7\"]')"}], "start": 1725472072380, "stop": 1725472072419}], "start": 1725472072380, "stop": 1725472072419}, {"name": "Клик на вопрос и получение текста ответа", "status": "broken", "statusDetails": {"message": "selenium.common.exceptions.ElementClickInterceptedException: Message: Element <div id=\"accordion__heading-0\" class=\"accordion__button\"> is not clickable at point (1035,27) because another element <button class=\"Button_Button__ra12g\"> obscures it\nStacktrace:\nRemoteError@chrome://remote/content/shared/RemoteError.sys.mjs:8:8\nWebDriverError@chrome://remote/content/shared/webdriver/Errors.sys.mjs:193:5\nElementClickInterceptedError@chrome://remote/content/shared/webdriver/Errors.sys.mjs:337:5\nwebdriverClickElement@chrome://remote/content/marionette/interaction.sys.mjs:177:11\ninteraction.clickElement@chrome://remote/content/marionette/interaction.sys.mjs:136:11\nclickElement@chrome://remote/content/marionette/actors/MarionetteCommandsChild.sys.mjs:205:29\nreceiveMessage@chrome://remote/content/marionette/actors/MarionetteCommandsChild.sys.mjs:85:31\n\n", "trace": "  File \"C:\\Users\\Домашний\\PycharmProjects\\Sprint_6\\venv\\Lib\\site-packages\\allure_commons\\_allure.py\", line 192, in impl\n    return func(*a, **kw)\n           ^^^^^^^^^^^^^^\n  File \"C:\\Users\\Домашний\\PycharmProjects\\Sprint_6\\pages\\home_page.py\", line 31, in click_to_question_get_answer\n    self.click_on_question(number)\n  File \"C:\\Users\\Домашний\\PycharmProjects\\Sprint_6\\venv\\Lib\\site-packages\\allure_commons\\_allure.py\", line 192, in impl\n    return func(*a, **kw)\n           ^^^^^^^^^^^^^^\n  File \"C:\\Users\\Домашний\\PycharmProjects\\Sprint_6\\pages\\home_page.py\", line 20, in click_on_question\n    self.click_on_element(question_loc)\n  File \"C:\\Users\\Домашний\\PycharmProjects\\Sprint_6\\venv\\Lib\\site-packages\\allure_commons\\_allure.py\", line 192, in impl\n    return func(*a, **kw)\n           ^^^^^^^^^^^^^^\n  File \"C:\\Users\\Домашний\\PycharmProjects\\Sprint_6\\pages\\base_page.py\", line 25, in click_on_element\n    element.click()\n  File \"C:\\Users\\Домашний\\PycharmProjects\\Sprint_6\\venv\\Lib\\site-packages\\selenium\\webdriver\\remote\\webelement.py\", line 94, in click\n    self._execute(Command.CLICK_ELEMENT)\n  File \"C:\\Users\\Домашний\\PycharmProjects\\Sprint_6\\venv\\Lib\\site-packages\\selenium\\webdriver\\remote\\webelement.py\", line 395, in _execute\n    return self._parent.execute(command, params)\n           ^^^^^^^^^^^^^^^^^^^^^^^^^^^^^^^^^^^^^\n  File \"C:\\Users\\Домашний\\PycharmProjects\\Sprint_6\\venv\\Lib\\site-packages\\selenium\\webdriver\\remote\\webdriver.py\", line 354, in execute\n    self.error_handler.check_response(response)\n  File \"C:\\Users\\Домашний\\PycharmProjects\\Sprint_6\\venv\\Lib\\site-packages\\selenium\\webdriver\\remote\\errorhandler.py\", line 229, in check_response\n    raise exception_class(message, screen, stacktrace)\n"}, "steps": [{"name": "Клик на вопрос", "status": "broken", "statusDetails": {"message": "selenium.common.exceptions.ElementClickInterceptedException: Message: Element <div id=\"accordion__heading-0\" class=\"accordion__button\"> is not clickable at point (1035,27) because another element <button class=\"Button_Button__ra12g\"> obscures it\nStacktrace:\nRemoteError@chrome://remote/content/shared/RemoteError.sys.mjs:8:8\nWebDriverError@chrome://remote/content/shared/webdriver/Errors.sys.mjs:193:5\nElementClickInterceptedError@chrome://remote/content/shared/webdriver/Errors.sys.mjs:337:5\nwebdriverClickElement@chrome://remote/content/marionette/interaction.sys.mjs:177:11\ninteraction.clickElement@chrome://remote/content/marionette/interaction.sys.mjs:136:11\nclickElement@chrome://remote/content/marionette/actors/MarionetteCommandsChild.sys.mjs:205:29\nreceiveMessage@chrome://remote/content/marionette/actors/MarionetteCommandsChild.sys.mjs:85:31\n\n", "trace": "  File \"C:\\Users\\Домашний\\PycharmProjects\\Sprint_6\\venv\\Lib\\site-packages\\allure_commons\\_allure.py\", line 192, in impl\n    return func(*a, **kw)\n           ^^^^^^^^^^^^^^\n  File \"C:\\Users\\Домашний\\PycharmProjects\\Sprint_6\\pages\\home_page.py\", line 20, in click_on_question\n    self.click_on_element(question_loc)\n  File \"C:\\Users\\Домашний\\PycharmProjects\\Sprint_6\\venv\\Lib\\site-packages\\allure_commons\\_allure.py\", line 192, in impl\n    return func(*a, **kw)\n           ^^^^^^^^^^^^^^\n  File \"C:\\Users\\Домашний\\PycharmProjects\\Sprint_6\\pages\\base_page.py\", line 25, in click_on_element\n    element.click()\n  File \"C:\\Users\\Домашний\\PycharmProjects\\Sprint_6\\venv\\Lib\\site-packages\\selenium\\webdriver\\remote\\webelement.py\", line 94, in click\n    self._execute(Command.CLICK_ELEMENT)\n  File \"C:\\Users\\Домашний\\PycharmProjects\\Sprint_6\\venv\\Lib\\site-packages\\selenium\\webdriver\\remote\\webelement.py\", line 395, in _execute\n    return self._parent.execute(command, params)\n           ^^^^^^^^^^^^^^^^^^^^^^^^^^^^^^^^^^^^^\n  File \"C:\\Users\\Домашний\\PycharmProjects\\Sprint_6\\venv\\Lib\\site-packages\\selenium\\webdriver\\remote\\webdriver.py\", line 354, in execute\n    self.error_handler.check_response(response)\n  File \"C:\\Users\\Домашний\\PycharmProjects\\Sprint_6\\venv\\Lib\\site-packages\\selenium\\webdriver\\remote\\errorhandler.py\", line 229, in check_response\n    raise exception_class(message, screen, stacktrace)\n"}, "steps": [{"name": "Форматирование локатора", "status": "passed", "parameters": [{"name": "locator", "value": "('xpath', '//div[@id = \"accordion__heading-{}\"]')"}, {"name": "number", "value": "0"}], "start": 1725472072419, "stop": 1725472072419}, {"name": "Клик по элементу", "status": "broken", "statusDetails": {"message": "selenium.common.exceptions.ElementClickInterceptedException: Message: Element <div id=\"accordion__heading-0\" class=\"accordion__button\"> is not clickable at point (1035,27) because another element <button class=\"Button_Button__ra12g\"> obscures it\nStacktrace:\nRemoteError@chrome://remote/content/shared/RemoteError.sys.mjs:8:8\nWebDriverError@chrome://remote/content/shared/webdriver/Errors.sys.mjs:193:5\nElementClickInterceptedError@chrome://remote/content/shared/webdriver/Errors.sys.mjs:337:5\nwebdriverClickElement@chrome://remote/content/marionette/interaction.sys.mjs:177:11\ninteraction.clickElement@chrome://remote/content/marionette/interaction.sys.mjs:136:11\nclickElement@chrome://remote/content/marionette/actors/MarionetteCommandsChild.sys.mjs:205:29\nreceiveMessage@chrome://remote/content/marionette/actors/MarionetteCommandsChild.sys.mjs:85:31\n\n", "trace": "  File \"C:\\Users\\Домашний\\PycharmProjects\\Sprint_6\\venv\\Lib\\site-packages\\allure_commons\\_allure.py\", line 192, in impl\n    return func(*a, **kw)\n           ^^^^^^^^^^^^^^\n  File \"C:\\Users\\Домашний\\PycharmProjects\\Sprint_6\\pages\\base_page.py\", line 25, in click_on_element\n    element.click()\n  File \"C:\\Users\\Домашний\\PycharmProjects\\Sprint_6\\venv\\Lib\\site-packages\\selenium\\webdriver\\remote\\webelement.py\", line 94, in click\n    self._execute(Command.CLICK_ELEMENT)\n  File \"C:\\Users\\Домашний\\PycharmProjects\\Sprint_6\\venv\\Lib\\site-packages\\selenium\\webdriver\\remote\\webelement.py\", line 395, in _execute\n    return self._parent.execute(command, params)\n           ^^^^^^^^^^^^^^^^^^^^^^^^^^^^^^^^^^^^^\n  File \"C:\\Users\\Домашний\\PycharmProjects\\Sprint_6\\venv\\Lib\\site-packages\\selenium\\webdriver\\remote\\webdriver.py\", line 354, in execute\n    self.error_handler.check_response(response)\n  File \"C:\\Users\\Домашний\\PycharmProjects\\Sprint_6\\venv\\Lib\\site-packages\\selenium\\webdriver\\remote\\errorhandler.py\", line 229, in check_response\n    raise exception_class(message, screen, stacktrace)\n"}, "steps": [{"name": "Поиск элемента и ожидание загрузки", "status": "passed", "parameters": [{"name": "locator", "value": "('xpath', '//div[@id = \"accordion__heading-0\"]')"}], "start": 1725472072420, "stop": 1725472072447}], "parameters": [{"name": "locator", "value": "('xpath', '//div[@id = \"accordion__heading-0\"]')"}], "start": 1725472072420, "stop": 1725472072458}], "parameters": [{"name": "number", "value": "0"}], "start": 1725472072419, "stop": 1725472072563}], "parameters": [{"name": "number", "value": "0"}], "start": 1725472072419, "stop": 1725472072677}], "parameters": [{"name": "question", "value": "0"}, {"name": "answer", "value": "'Сутки — 400 рублей. Оплата курьеру — наличными или картой.'"}], "start": 1725472071618, "stop": 1725472072736, "uuid": "89164fae-41cd-4182-b0fd-03f16959a006", "historyId": "d9d2764cf2f9c859a33c4eba375e3bd2", "testCaseId": "3dfc9a17160558543bdce67ec9d1935f", "fullName": "tests.test_home_page.TestHomePage#test_questions_and_answer", "labels": [{"name": "parentSuite", "value": "tests"}, {"name": "suite", "value": "test_home_page"}, {"name": "subSuite", "value": "TestHomePage"}, {"name": "host", "value": "HomeDesktop"}, {"name": "thread", "value": "6320-MainThread"}, {"name": "framework", "value": "pytest"}, {"name": "language", "value": "cpython3"}, {"name": "package", "value": "tests.test_home_page"}]}