{"name": "test_order_scooter[button0-02.09.2024]", "status": "broken", "statusDetails": {"message": "selenium.common.exceptions.TimeoutException: Message: \nStacktrace:\nRemoteError@chrome://remote/content/shared/RemoteError.sys.mjs:8:8\nWebDriverError@chrome://remote/content/shared/webdriver/Errors.sys.mjs:193:5\nNoSuchElementError@chrome://remote/content/shared/webdriver/Errors.sys.mjs:511:5\ndom.find/</<@chrome://remote/content/shared/DOM.sys.mjs:136:16", "trace": "self = <test_order_page.TestOrderPage object at 0x000002023A6BDD90>, home_page = <pages.home_page.HomePage object at 0x000002023A716270>\norder_page = <pages.order_page.OrderPage object at 0x000002023A714D40>, button = ('xpath', '//div[contains(@class, \"Header_Nav\")]/button[text()=\"Заказать\"]')\ndate = '02.09.2024'\n\n    @pytest.mark.parametrize('button, date',\n                             [\n                                 [HomePageLocators.ORDER_BUTTON_UP, '02.09.2024'],\n                                 [HomePageLocators.ORDER_BUTTON_DOWN, '07.10.2024']\n                             ]\n                             )\n    def test_order_scooter(self, home_page, order_page, button, date):\n        home_page.click_on_cookie()\n        home_page.click_on_order_button(button)\n        order_page.set_data_for_whom_scooter()\n        order_page.click_next_button()\n>       order_page.set_data_about_rent(date)\n\ntests\\test_order_page.py:18: \n_ _ _ _ _ _ _ _ _ _ _ _ _ _ _ _ _ _ _ _ _ _ _ _ _ _ _ _ _ _ _ _ _ _ _ _ _ _ _ _ _ _ _ _ _ _ _ _ _ _ _ _ _ _ _ _ _ _ _ _ _ _ _ _ _ _ _ _ _ _ _ _ _ _ _ _ _ _ _ _ _ \npages\\order_page.py:67: in set_data_about_rent\n    self.select_rental_period()\npages\\order_page.py:54: in select_rental_period\n    self.click_on_element(locator)\npages\\base_page.py:19: in click_on_element\n    element = self.find_element_and_wait(locator)\npages\\base_page.py:15: in find_element_and_wait\n    WebDriverWait(self.driver, Data.WAIT_TIME).until(EC.visibility_of_element_located(locator))\n_ _ _ _ _ _ _ _ _ _ _ _ _ _ _ _ _ _ _ _ _ _ _ _ _ _ _ _ _ _ _ _ _ _ _ _ _ _ _ _ _ _ _ _ _ _ _ _ _ _ _ _ _ _ _ _ _ _ _ _ _ _ _ _ _ _ _ _ _ _ _ _ _ _ _ _ _ _ _ _ _ \n\nself = <selenium.webdriver.support.wait.WebDriverWait (session=\"ab4a1400-2b71-4eeb-b094-3de8e94b96c5\")>\nmethod = <function visibility_of_element_located.<locals>._predicate at 0x000002023A719F80>, message = ''\n\n    def until(self, method: Callable[[D], Union[Literal[False], T]], message: str = \"\") -> T:\n        \"\"\"Calls the method provided with the driver as an argument until the \\\n        return value does not evaluate to ``False``.\n    \n        :param method: callable(WebDriver)\n        :param message: optional message for :exc:`TimeoutException`\n        :returns: the result of the last call to `method`\n        :raises: :exc:`selenium.common.exceptions.TimeoutException` if timeout occurs\n        \"\"\"\n        screen = None\n        stacktrace = None\n    \n        end_time = time.monotonic() + self._timeout\n        while True:\n            try:\n                value = method(self._driver)\n                if value:\n                    return value\n            except self._ignored_exceptions as exc:\n                screen = getattr(exc, \"screen\", None)\n                stacktrace = getattr(exc, \"stacktrace\", None)\n            time.sleep(self._poll)\n            if time.monotonic() > end_time:\n                break\n>       raise TimeoutException(message, screen, stacktrace)\nE       selenium.common.exceptions.TimeoutException: Message: \nE       Stacktrace:\nE       RemoteError@chrome://remote/content/shared/RemoteError.sys.mjs:8:8\nE       WebDriverError@chrome://remote/content/shared/webdriver/Errors.sys.mjs:193:5\nE       NoSuchElementError@chrome://remote/content/shared/webdriver/Errors.sys.mjs:511:5\nE       dom.find/</<@chrome://remote/content/shared/DOM.sys.mjs:136:16\n\nvenv\\Lib\\site-packages\\selenium\\webdriver\\support\\wait.py:105: TimeoutException"}, "parameters": [{"name": "button", "value": "('xpath', '//div[contains(@class, \"Header_Nav\")]/button[text()=\"Заказать\"]')"}, {"name": "date", "value": "'02.09.2024'"}], "start": 1725221353163, "stop": 1725221362579, "uuid": "437ba213-1d1c-441b-922d-22b7a3e35fd1", "historyId": "0cb037420829c40003616f5375f1f423", "testCaseId": "d598867fc3308b5da3790645c342e9b7", "fullName": "tests.test_order_page.TestOrderPage#test_order_scooter", "labels": [{"name": "parentSuite", "value": "tests"}, {"name": "suite", "value": "test_order_page"}, {"name": "subSuite", "value": "TestOrderPage"}, {"name": "host", "value": "HomeDesktop"}, {"name": "thread", "value": "6888-MainThread"}, {"name": "framework", "value": "pytest"}, {"name": "language", "value": "cpython3"}, {"name": "package", "value": "tests.test_order_page"}]}